<?xml version="1.0" encoding="UTF-8"?>
<bpmn2:definitions xmlns:xsi="http://www.w3.org/2001/XMLSchema-instance" xmlns:activiti="http://activiti.org/bpmn" xmlns:bpmn2="http://www.omg.org/spec/BPMN/20100524/MODEL" xmlns:bpmndi="http://www.omg.org/spec/BPMN/20100524/DI" xmlns:dc="http://www.omg.org/spec/DD/20100524/DC" xmlns:di="http://www.omg.org/spec/DD/20100524/DI" xsi:schemaLocation="http://www.omg.org/spec/BPMN/20100524/MODEL BPMN20.xsd" id="Definitions_1" targetNamespace="http://activiti.org/bpmn">
  <bpmn2:collaboration id="Collaboration_1" name="Default Collaboration">
    <bpmn2:participant id="Participant_1" name="Test Webservice" processRef="test-webservice"/>
  </bpmn2:collaboration>
  <bpmn2:process id="test-webservice" name="test-webservice" isExecutable="true">
    <bpmn2:startEvent id="StartEvent_1">
      <bpmn2:outgoing>SequenceFlow_1</bpmn2:outgoing>
    </bpmn2:startEvent>
    <bpmn2:sequenceFlow id="SequenceFlow_1" sourceRef="StartEvent_1" targetRef="ServiceTask_1"/>
    <bpmn2:serviceTask id="ServiceTask_1" activiti:expression="#{bankService.getName(blz)}" activiti:resultVariable="bankName" name="query bank name">
      <bpmn2:incoming>SequenceFlow_1</bpmn2:incoming>
      <bpmn2:outgoing>SequenceFlow_3</bpmn2:outgoing>
    </bpmn2:serviceTask>
    <bpmn2:endEvent id="EndEvent_1">
      <bpmn2:incoming>SequenceFlow_2</bpmn2:incoming>
    </bpmn2:endEvent>
    <bpmn2:sequenceFlow id="SequenceFlow_3" name="" sourceRef="ServiceTask_1" targetRef="UserTask_1"/>
    <bpmn2:userTask id="UserTask_1" activiti:assignee="kermit" name="show bank name">
      <bpmn2:incoming>SequenceFlow_3</bpmn2:incoming>
      <bpmn2:outgoing>SequenceFlow_2</bpmn2:outgoing>
    </bpmn2:userTask>
    <bpmn2:sequenceFlow id="SequenceFlow_2" sourceRef="UserTask_1" targetRef="EndEvent_1"/>
  </bpmn2:process>
  <bpmn2:process id="Process_2" name="Default Non-initiating Process"/>
  <bpmndi:BPMNDiagram id="BPMNDiagram_1" name="Default Collaboration Diagram">
    <bpmndi:BPMNPlane id="BPMNPlane_1" bpmnElement="Collaboration_1">
      <bpmndi:BPMNShape id="BPMNShape_1" bpmnElement="Participant_1" isHorizontal="true">
        <dc:Bounds height="200.0" width="1000.0" x="20.0" y="20.0"/>
      </bpmndi:BPMNShape>
      <bpmndi:BPMNShape id="BPMNShape_StartEvent_1" bpmnElement="StartEvent_1" isHorizontal="true">
        <dc:Bounds height="36.0" width="36.0" x="82.0" y="92.0"/>
      </bpmndi:BPMNShape>
      <bpmndi:BPMNShape id="BPMNShape_ServiceTask_1" bpmnElement="ServiceTask_1" isHorizontal="true">
        <dc:Bounds height="76.0" width="110.0" x="170.0" y="72.0"/>
      </bpmndi:BPMNShape>
      <bpmndi:BPMNShape id="BPMNShape_EndEvent_1" bpmnElement="EndEvent_1" isHorizontal="true">
        <dc:Bounds height="36.0" width="36.0" x="484.0" y="92.0"/>
      </bpmndi:BPMNShape>
      <bpmndi:BPMNShape id="BPMNShape_UserTask_1" bpmnElement="UserTask_1">
        <dc:Bounds height="76.0" width="110.0" x="320.0" y="72.0"/>
      </bpmndi:BPMNShape>
      <bpmndi:BPMNEdge id="BPMNEdge_SequenceFlow_1" bpmnElement="SequenceFlow_1" sourceElement="BPMNShape_StartEvent_1" targetElement="BPMNShape_ServiceTask_1">
        <di:waypoint xsi:type="dc:Point" x="118.0" y="110.0"/>
        <di:waypoint xsi:type="dc:Point" x="170.0" y="110.0"/>
      </bpmndi:BPMNEdge>
      <bpmndi:BPMNEdge id="BPMNEdge_SequenceFlow_2" bpmnElement="SequenceFlow_2" sourceElement="BPMNShape_UserTask_1" targetElement="BPMNShape_EndEvent_1">
        <di:waypoint xsi:type="dc:Point" x="430.0" y="110.0"/>
        <di:waypoint xsi:type="dc:Point" x="484.0" y="110.0"/>
      </bpmndi:BPMNEdge>
      <bpmndi:BPMNEdge id="BPMNEdge_SequenceFlow_3" bpmnElement="SequenceFlow_3" sourceElement="BPMNShape_ServiceTask_1" targetElement="BPMNShape_UserTask_1">
        <di:waypoint xsi:type="dc:Point" x="280.0" y="110.0"/>
        <di:waypoint xsi:type="dc:Point" x="320.0" y="110.0"/>
      </bpmndi:BPMNEdge>
    </bpmndi:BPMNPlane>
  </bpmndi:BPMNDiagram>
</bpmn2:definitions>